<?xml version="1.0" encoding="UTF-8"?>
<testsuite xmlns:xsi="http://www.w3.org/2001/XMLSchema-instance" xsi:noNamespaceSchemaLocation="https://maven.apache.org/surefire/maven-surefire-plugin/xsd/surefire-test-report-3.0.xsd" version="3.0" name="com.algonquincollege.cst8277.OrderSystemTestSuite" time="6.873" tests="40" errors="0" skipped="0" failures="0">
  <properties>
    <property name="gopherProxySet" value="false"/>
    <property name="awt.toolkit" value="sun.lwawt.macosx.LWCToolkit"/>
    <property name="java.specification.version" value="11"/>
    <property name="sun.cpu.isalist" value=""/>
    <property name="sun.jnu.encoding" value="UTF-8"/>
    <property name="java.class.path" value="/Users/princegandhi/20f-cst8277-eclipse/20f-workspace/20F_040946969_Dikshit/target/test-classes:/Users/princegandhi/.m2/repository/org/slf4j/jul-to-slf4j/1.7.29/jul-to-slf4j-1.7.29.jar:/Users/princegandhi/.m2/repository/ch/qos/logback/logback-classic/1.2.3/logback-classic-1.2.3.jar:/Users/princegandhi/.m2/repository/ch/qos/logback/logback-core/1.2.3/logback-core-1.2.3.jar:/Users/princegandhi/.m2/repository/jakarta/el/jakarta.el-api/3.0.3/jakarta.el-api-3.0.3.jar:/Users/princegandhi/.m2/repository/jakarta/interceptor/jakarta.interceptor-api/1.2.5/jakarta.interceptor-api-1.2.5.jar:/Users/princegandhi/.m2/repository/org/eclipse/microprofile/config/microprofile-config-api/2.0-RC15/microprofile-config-api-2.0-RC15.jar:/Users/princegandhi/.m2/repository/org/eclipse/microprofile/openapi/microprofile-openapi-api/2.0-RC3/microprofile-openapi-api-2.0-RC3.jar:/Users/princegandhi/.m2/repository/com/fasterxml/jackson/module/jackson-module-jaxb-annotations/2.10.2/jackson-module-jaxb-annotations-2.10.2.jar:/Users/princegandhi/.m2/repository/org/glassfish/jersey/media/jersey-media-json-jackson/2.29.1/jersey-media-json-jackson-2.29.1.jar:/Users/princegandhi/.m2/repository/org/glassfish/jersey/core/jersey-common/2.29.1/jersey-common-2.29.1.jar:/Users/princegandhi/.m2/repository/org/glassfish/hk2/osgi-resource-locator/1.0.3/osgi-resource-locator-1.0.3.jar:/Users/princegandhi/.m2/repository/org/glassfish/jersey/ext/jersey-entity-filtering/2.29.1/jersey-entity-filtering-2.29.1.jar:/Users/princegandhi/.m2/repository/com/fasterxml/jackson/jaxrs/jackson-jaxrs-json-provider/2.10.2/jackson-jaxrs-json-provider-2.10.2.jar:/Users/princegandhi/.m2/repository/com/fasterxml/jackson/jaxrs/jackson-jaxrs-base/2.10.2/jackson-jaxrs-base-2.10.2.jar:/Users/princegandhi/.m2/repository/org/eclipse/persistence/org.eclipse.persistence.antlr/2.7.7/org.eclipse.persistence.antlr-2.7.7.jar:/Users/princegandhi/.m2/repository/org/eclipse/persistence/org.eclipse.persistence.asm/2.7.7/org.eclipse.persistence.asm-2.7.7.jar:/Users/princegandhi/.m2/repository/org/eclipse/persistence/org.eclipse.persistence.core/2.7.7/org.eclipse.persistence.core-2.7.7.jar:/Users/princegandhi/.m2/repository/org/eclipse/persistence/org.eclipse.persistence.jpa/2.7.7/org.eclipse.persistence.jpa-2.7.7.jar:/Users/princegandhi/.m2/repository/org/eclipse/persistence/org.eclipse.persistence.jpa.jpql/2.7.7/org.eclipse.persistence.jpa.jpql-2.7.7.jar:/Users/princegandhi/.m2/repository/org/eclipse/persistence/org.eclipse.persistence.extension/2.7.7/org.eclipse.persistence.extension-2.7.7.jar:/Users/princegandhi/.m2/repository/com/h2database/h2/1.4.200/h2-1.4.200.jar:/Users/princegandhi/.m2/repository/org/junit/jupiter/junit-jupiter/5.6.0/junit-jupiter-5.6.0.jar:/Users/princegandhi/.m2/repository/org/junit/jupiter/junit-jupiter-params/5.6.0/junit-jupiter-params-5.6.0.jar:/Users/princegandhi/.m2/repository/org/junit/jupiter/junit-jupiter-api/5.6.0/junit-jupiter-api-5.6.0.jar:/Users/princegandhi/.m2/repository/org/apiguardian/apiguardian-api/1.1.0/apiguardian-api-1.1.0.jar:/Users/princegandhi/.m2/repository/org/opentest4j/opentest4j/1.2.0/opentest4j-1.2.0.jar:/Users/princegandhi/.m2/repository/org/junit/platform/junit-platform-commons/1.6.0/junit-platform-commons-1.6.0.jar:/Users/princegandhi/.m2/repository/org/junit/jupiter/junit-jupiter-engine/5.6.0/junit-jupiter-engine-5.6.0.jar:/Users/princegandhi/.m2/repository/org/junit/platform/junit-platform-engine/1.6.0/junit-platform-engine-1.6.0.jar:/Users/princegandhi/.m2/repository/org/hamcrest/hamcrest/2.2/hamcrest-2.2.jar:/Users/princegandhi/.m2/repository/org/hamcrest/hamcrest-library/2.2/hamcrest-library-2.2.jar:/Users/princegandhi/.m2/repository/org/hamcrest/hamcrest-core/2.2/hamcrest-core-2.2.jar:/Users/princegandhi/.m2/repository/org/glassfish/jersey/core/jersey-client/2.29/jersey-client-2.29.jar:/Users/princegandhi/.m2/repository/org/glassfish/jersey/inject/jersey-hk2/2.29/jersey-hk2-2.29.jar:/Users/princegandhi/.m2/repository/org/glassfish/hk2/hk2-locator/2.5.0/hk2-locator-2.5.0.jar:/Users/princegandhi/.m2/repository/org/glassfish/hk2/external/aopalliance-repackaged/2.5.0/aopalliance-repackaged-2.5.0.jar:/Users/princegandhi/.m2/repository/org/glassfish/hk2/hk2-api/2.5.0/hk2-api-2.5.0.jar:/Users/princegandhi/.m2/repository/org/glassfish/hk2/hk2-utils/2.5.0/hk2-utils-2.5.0.jar:/Users/princegandhi/.m2/repository/org/javassist/javassist/3.22.0-CR2/javassist-3.22.0-CR2.jar:"/>
    <property name="java.vm.vendor" value="AdoptOpenJDK"/>
    <property name="sun.arch.data.model" value="64"/>
    <property name="java.vendor.url" value="https://adoptopenjdk.net/"/>
    <property name="user.timezone" value="America/Toronto"/>
    <property name="java.vm.specification.version" value="11"/>
    <property name="os.name" value="Mac OS X"/>
    <property name="sun.java.launcher" value="SUN_STANDARD"/>
    <property name="user.country" value="CA"/>
    <property name="sun.boot.library.path" value="/Library/Java/JavaVirtualMachines/adoptopenjdk-11.jdk/Contents/Home/lib"/>
    <property name="sun.java.command" value="org.apache.maven.surefire.booter.ForkedBooter /Users/princegandhi/20f-cst8277-eclipse/20f-workspace/20F_040946969_Dikshit/target/surefire 2021-01-16T23-23-39_797-jvmRun1 surefire6871142038887361636tmp surefire_010708928560436810719tmp"/>
    <property name="http.nonProxyHosts" value="local|*.local|169.254/16|*.169.254/16"/>
    <property name="jdk.debug" value="release"/>
    <property name="surefire.test.class.path" value="/Users/princegandhi/20f-cst8277-eclipse/20f-workspace/20F_040946969_Dikshit/target/test-classes:/Users/princegandhi/.m2/repository/org/slf4j/jul-to-slf4j/1.7.29/jul-to-slf4j-1.7.29.jar:/Users/princegandhi/.m2/repository/ch/qos/logback/logback-classic/1.2.3/logback-classic-1.2.3.jar:/Users/princegandhi/.m2/repository/ch/qos/logback/logback-core/1.2.3/logback-core-1.2.3.jar:/Users/princegandhi/.m2/repository/jakarta/el/jakarta.el-api/3.0.3/jakarta.el-api-3.0.3.jar:/Users/princegandhi/.m2/repository/jakarta/interceptor/jakarta.interceptor-api/1.2.5/jakarta.interceptor-api-1.2.5.jar:/Users/princegandhi/.m2/repository/org/eclipse/microprofile/config/microprofile-config-api/2.0-RC15/microprofile-config-api-2.0-RC15.jar:/Users/princegandhi/.m2/repository/org/eclipse/microprofile/openapi/microprofile-openapi-api/2.0-RC3/microprofile-openapi-api-2.0-RC3.jar:/Users/princegandhi/.m2/repository/com/fasterxml/jackson/module/jackson-module-jaxb-annotations/2.10.2/jackson-module-jaxb-annotations-2.10.2.jar:/Users/princegandhi/.m2/repository/org/glassfish/jersey/media/jersey-media-json-jackson/2.29.1/jersey-media-json-jackson-2.29.1.jar:/Users/princegandhi/.m2/repository/org/glassfish/jersey/core/jersey-common/2.29.1/jersey-common-2.29.1.jar:/Users/princegandhi/.m2/repository/org/glassfish/hk2/osgi-resource-locator/1.0.3/osgi-resource-locator-1.0.3.jar:/Users/princegandhi/.m2/repository/org/glassfish/jersey/ext/jersey-entity-filtering/2.29.1/jersey-entity-filtering-2.29.1.jar:/Users/princegandhi/.m2/repository/com/fasterxml/jackson/jaxrs/jackson-jaxrs-json-provider/2.10.2/jackson-jaxrs-json-provider-2.10.2.jar:/Users/princegandhi/.m2/repository/com/fasterxml/jackson/jaxrs/jackson-jaxrs-base/2.10.2/jackson-jaxrs-base-2.10.2.jar:/Users/princegandhi/.m2/repository/org/eclipse/persistence/org.eclipse.persistence.antlr/2.7.7/org.eclipse.persistence.antlr-2.7.7.jar:/Users/princegandhi/.m2/repository/org/eclipse/persistence/org.eclipse.persistence.asm/2.7.7/org.eclipse.persistence.asm-2.7.7.jar:/Users/princegandhi/.m2/repository/org/eclipse/persistence/org.eclipse.persistence.core/2.7.7/org.eclipse.persistence.core-2.7.7.jar:/Users/princegandhi/.m2/repository/org/eclipse/persistence/org.eclipse.persistence.jpa/2.7.7/org.eclipse.persistence.jpa-2.7.7.jar:/Users/princegandhi/.m2/repository/org/eclipse/persistence/org.eclipse.persistence.jpa.jpql/2.7.7/org.eclipse.persistence.jpa.jpql-2.7.7.jar:/Users/princegandhi/.m2/repository/org/eclipse/persistence/org.eclipse.persistence.extension/2.7.7/org.eclipse.persistence.extension-2.7.7.jar:/Users/princegandhi/.m2/repository/com/h2database/h2/1.4.200/h2-1.4.200.jar:/Users/princegandhi/.m2/repository/org/junit/jupiter/junit-jupiter/5.6.0/junit-jupiter-5.6.0.jar:/Users/princegandhi/.m2/repository/org/junit/jupiter/junit-jupiter-params/5.6.0/junit-jupiter-params-5.6.0.jar:/Users/princegandhi/.m2/repository/org/junit/jupiter/junit-jupiter-api/5.6.0/junit-jupiter-api-5.6.0.jar:/Users/princegandhi/.m2/repository/org/apiguardian/apiguardian-api/1.1.0/apiguardian-api-1.1.0.jar:/Users/princegandhi/.m2/repository/org/opentest4j/opentest4j/1.2.0/opentest4j-1.2.0.jar:/Users/princegandhi/.m2/repository/org/junit/platform/junit-platform-commons/1.6.0/junit-platform-commons-1.6.0.jar:/Users/princegandhi/.m2/repository/org/junit/jupiter/junit-jupiter-engine/5.6.0/junit-jupiter-engine-5.6.0.jar:/Users/princegandhi/.m2/repository/org/junit/platform/junit-platform-engine/1.6.0/junit-platform-engine-1.6.0.jar:/Users/princegandhi/.m2/repository/org/hamcrest/hamcrest/2.2/hamcrest-2.2.jar:/Users/princegandhi/.m2/repository/org/hamcrest/hamcrest-library/2.2/hamcrest-library-2.2.jar:/Users/princegandhi/.m2/repository/org/hamcrest/hamcrest-core/2.2/hamcrest-core-2.2.jar:/Users/princegandhi/.m2/repository/org/glassfish/jersey/core/jersey-client/2.29/jersey-client-2.29.jar:/Users/princegandhi/.m2/repository/org/glassfish/jersey/inject/jersey-hk2/2.29/jersey-hk2-2.29.jar:/Users/princegandhi/.m2/repository/org/glassfish/hk2/hk2-locator/2.5.0/hk2-locator-2.5.0.jar:/Users/princegandhi/.m2/repository/org/glassfish/hk2/external/aopalliance-repackaged/2.5.0/aopalliance-repackaged-2.5.0.jar:/Users/princegandhi/.m2/repository/org/glassfish/hk2/hk2-api/2.5.0/hk2-api-2.5.0.jar:/Users/princegandhi/.m2/repository/org/glassfish/hk2/hk2-utils/2.5.0/hk2-utils-2.5.0.jar:/Users/princegandhi/.m2/repository/org/javassist/javassist/3.22.0-CR2/javassist-3.22.0-CR2.jar:"/>
    <property name="sun.cpu.endian" value="little"/>
    <property name="user.home" value="/Users/princegandhi"/>
    <property name="user.language" value="en"/>
    <property name="java.specification.vendor" value="Oracle Corporation"/>
    <property name="jdk.module.path" value="/Users/princegandhi/20f-cst8277-eclipse/20f-workspace/20F_040946969_Dikshit/target/classes:/Users/princegandhi/.m2/repository/org/slf4j/slf4j-api/1.7.29/slf4j-api-1.7.29.jar:/Users/princegandhi/.m2/repository/jakarta/annotation/jakarta.annotation-api/1.3.5/jakarta.annotation-api-1.3.5.jar:/Users/princegandhi/.m2/repository/jakarta/transaction/jakarta.transaction-api/1.3.3/jakarta.transaction-api-1.3.3.jar:/Users/princegandhi/.m2/repository/jakarta/enterprise/jakarta.enterprise.cdi-api/2.0.2/jakarta.enterprise.cdi-api-2.0.2.jar:/Users/princegandhi/.m2/repository/jakarta/ejb/jakarta.ejb-api/3.2.6/jakarta.ejb-api-3.2.6.jar:/Users/princegandhi/.m2/repository/jakarta/inject/jakarta.inject-api/1.0/jakarta.inject-api-1.0.jar:/Users/princegandhi/.m2/repository/jakarta/servlet/jakarta.servlet-api/4.0.2/jakarta.servlet-api-4.0.2.jar:/Users/princegandhi/.m2/repository/org/eclipse/persistence/jakarta.persistence/2.2.3/jakarta.persistence-2.2.3.jar:/Users/princegandhi/.m2/repository/jakarta/security/enterprise/jakarta.security.enterprise-api/1.0.1/jakarta.security.enterprise-api-1.0.1.jar:/Users/princegandhi/.m2/repository/org/glassfish/soteria/jakarta.security.enterprise/1.0.1/jakarta.security.enterprise-1.0.1.jar:/Users/princegandhi/.m2/repository/com/fasterxml/jackson/core/jackson-databind/2.10.2/jackson-databind-2.10.2.jar:/Users/princegandhi/.m2/repository/com/fasterxml/jackson/core/jackson-annotations/2.10.2/jackson-annotations-2.10.2.jar:/Users/princegandhi/.m2/repository/com/fasterxml/jackson/core/jackson-core/2.10.2/jackson-core-2.10.2.jar:/Users/princegandhi/.m2/repository/jakarta/xml/bind/jakarta.xml.bind-api/2.3.2/jakarta.xml.bind-api-2.3.2.jar:/Users/princegandhi/.m2/repository/jakarta/activation/jakarta.activation-api/1.2.1/jakarta.activation-api-1.2.1.jar:/Users/princegandhi/.m2/repository/com/fasterxml/jackson/datatype/jackson-datatype-jsr310/2.9.5/jackson-datatype-jsr310-2.9.5.jar:/Users/princegandhi/.m2/repository/jakarta/ws/rs/jakarta.ws.rs-api/2.1.5/jakarta.ws.rs-api-2.1.5.jar"/>
    <property name="java.version.date" value="2020-07-14"/>
    <property name="java.home" value="/Library/Java/JavaVirtualMachines/adoptopenjdk-11.jdk/Contents/Home"/>
    <property name="file.separator" value="/"/>
    <property name="basedir" value="/Users/princegandhi/20f-cst8277-eclipse/20f-workspace/20F_040946969_Dikshit"/>
    <property name="java.vm.compressedOopsMode" value="Zero based"/>
    <property name="line.separator" value="&#10;"/>
    <property name="java.specification.name" value="Java Platform API Specification"/>
    <property name="java.vm.specification.vendor" value="Oracle Corporation"/>
    <property name="java.awt.graphicsenv" value="sun.awt.CGraphicsEnvironment"/>
    <property name="surefire.real.class.path" value="/Users/princegandhi/.m2/repository/org/apache/maven/surefire/surefire-booter/3.0.0-M4/surefire-booter-3.0.0-M4.jar:/Users/princegandhi/.m2/repository/org/apache/maven/surefire/surefire-api/3.0.0-M4/surefire-api-3.0.0-M4.jar:/Users/princegandhi/.m2/repository/org/apache/maven/surefire/surefire-logger-api/3.0.0-M4/surefire-logger-api-3.0.0-M4.jar:/Users/princegandhi/20f-cst8277-eclipse/20f-workspace/20F_040946969_Dikshit/target/test-classes:/Users/princegandhi/.m2/repository/org/slf4j/jul-to-slf4j/1.7.29/jul-to-slf4j-1.7.29.jar:/Users/princegandhi/.m2/repository/ch/qos/logback/logback-classic/1.2.3/logback-classic-1.2.3.jar:/Users/princegandhi/.m2/repository/ch/qos/logback/logback-core/1.2.3/logback-core-1.2.3.jar:/Users/princegandhi/.m2/repository/jakarta/el/jakarta.el-api/3.0.3/jakarta.el-api-3.0.3.jar:/Users/princegandhi/.m2/repository/jakarta/interceptor/jakarta.interceptor-api/1.2.5/jakarta.interceptor-api-1.2.5.jar:/Users/princegandhi/.m2/repository/org/eclipse/microprofile/config/microprofile-config-api/2.0-RC15/microprofile-config-api-2.0-RC15.jar:/Users/princegandhi/.m2/repository/org/eclipse/microprofile/openapi/microprofile-openapi-api/2.0-RC3/microprofile-openapi-api-2.0-RC3.jar:/Users/princegandhi/.m2/repository/com/fasterxml/jackson/module/jackson-module-jaxb-annotations/2.10.2/jackson-module-jaxb-annotations-2.10.2.jar:/Users/princegandhi/.m2/repository/org/glassfish/jersey/media/jersey-media-json-jackson/2.29.1/jersey-media-json-jackson-2.29.1.jar:/Users/princegandhi/.m2/repository/org/glassfish/jersey/core/jersey-common/2.29.1/jersey-common-2.29.1.jar:/Users/princegandhi/.m2/repository/org/glassfish/hk2/osgi-resource-locator/1.0.3/osgi-resource-locator-1.0.3.jar:/Users/princegandhi/.m2/repository/org/glassfish/jersey/ext/jersey-entity-filtering/2.29.1/jersey-entity-filtering-2.29.1.jar:/Users/princegandhi/.m2/repository/com/fasterxml/jackson/jaxrs/jackson-jaxrs-json-provider/2.10.2/jackson-jaxrs-json-provider-2.10.2.jar:/Users/princegandhi/.m2/repository/com/fasterxml/jackson/jaxrs/jackson-jaxrs-base/2.10.2/jackson-jaxrs-base-2.10.2.jar:/Users/princegandhi/.m2/repository/org/eclipse/persistence/org.eclipse.persistence.antlr/2.7.7/org.eclipse.persistence.antlr-2.7.7.jar:/Users/princegandhi/.m2/repository/org/eclipse/persistence/org.eclipse.persistence.asm/2.7.7/org.eclipse.persistence.asm-2.7.7.jar:/Users/princegandhi/.m2/repository/org/eclipse/persistence/org.eclipse.persistence.core/2.7.7/org.eclipse.persistence.core-2.7.7.jar:/Users/princegandhi/.m2/repository/org/eclipse/persistence/org.eclipse.persistence.jpa/2.7.7/org.eclipse.persistence.jpa-2.7.7.jar:/Users/princegandhi/.m2/repository/org/eclipse/persistence/org.eclipse.persistence.jpa.jpql/2.7.7/org.eclipse.persistence.jpa.jpql-2.7.7.jar:/Users/princegandhi/.m2/repository/org/eclipse/persistence/org.eclipse.persistence.extension/2.7.7/org.eclipse.persistence.extension-2.7.7.jar:/Users/princegandhi/.m2/repository/com/h2database/h2/1.4.200/h2-1.4.200.jar:/Users/princegandhi/.m2/repository/org/junit/jupiter/junit-jupiter/5.6.0/junit-jupiter-5.6.0.jar:/Users/princegandhi/.m2/repository/org/junit/jupiter/junit-jupiter-params/5.6.0/junit-jupiter-params-5.6.0.jar:/Users/princegandhi/.m2/repository/org/junit/jupiter/junit-jupiter-api/5.6.0/junit-jupiter-api-5.6.0.jar:/Users/princegandhi/.m2/repository/org/apiguardian/apiguardian-api/1.1.0/apiguardian-api-1.1.0.jar:/Users/princegandhi/.m2/repository/org/opentest4j/opentest4j/1.2.0/opentest4j-1.2.0.jar:/Users/princegandhi/.m2/repository/org/junit/platform/junit-platform-commons/1.6.0/junit-platform-commons-1.6.0.jar:/Users/princegandhi/.m2/repository/org/junit/jupiter/junit-jupiter-engine/5.6.0/junit-jupiter-engine-5.6.0.jar:/Users/princegandhi/.m2/repository/org/junit/platform/junit-platform-engine/1.6.0/junit-platform-engine-1.6.0.jar:/Users/princegandhi/.m2/repository/org/hamcrest/hamcrest/2.2/hamcrest-2.2.jar:/Users/princegandhi/.m2/repository/org/hamcrest/hamcrest-library/2.2/hamcrest-library-2.2.jar:/Users/princegandhi/.m2/repository/org/hamcrest/hamcrest-core/2.2/hamcrest-core-2.2.jar:/Users/princegandhi/.m2/repository/org/glassfish/jersey/core/jersey-client/2.29/jersey-client-2.29.jar:/Users/princegandhi/.m2/repository/org/glassfish/jersey/inject/jersey-hk2/2.29/jersey-hk2-2.29.jar:/Users/princegandhi/.m2/repository/org/glassfish/hk2/hk2-locator/2.5.0/hk2-locator-2.5.0.jar:/Users/princegandhi/.m2/repository/org/glassfish/hk2/external/aopalliance-repackaged/2.5.0/aopalliance-repackaged-2.5.0.jar:/Users/princegandhi/.m2/repository/org/glassfish/hk2/hk2-api/2.5.0/hk2-api-2.5.0.jar:/Users/princegandhi/.m2/repository/org/glassfish/hk2/hk2-utils/2.5.0/hk2-utils-2.5.0.jar:/Users/princegandhi/.m2/repository/org/javassist/javassist/3.22.0-CR2/javassist-3.22.0-CR2.jar:/Users/princegandhi/.m2/repository/org/apache/maven/surefire/surefire-junit-platform/3.0.0-M4/surefire-junit-platform-3.0.0-M4.jar:/Users/princegandhi/.m2/repository/org/apache/maven/surefire/common-java5/3.0.0-M4/common-java5-3.0.0-M4.jar:/Users/princegandhi/.m2/repository/org/junit/platform/junit-platform-launcher/1.6.0/junit-platform-launcher-1.6.0.jar"/>
    <property name="sun.management.compiler" value="HotSpot 64-Bit Tiered Compilers"/>
    <property name="ftp.nonProxyHosts" value="local|*.local|169.254/16|*.169.254/16"/>
    <property name="java.runtime.version" value="11.0.8+10"/>
    <property name="user.name" value="dakshgandhi"/>
    <property name="path.separator" value=":"/>
    <property name="os.version" value="10.16"/>
    <property name="java.runtime.name" value="OpenJDK Runtime Environment"/>
    <property name="file.encoding" value="UTF-8"/>
    <property name="java.vm.name" value="OpenJDK 64-Bit Server VM"/>
    <property name="java.vendor.version" value="AdoptOpenJDK"/>
    <property name="localRepository" value="/Users/princegandhi/.m2/repository"/>
    <property name="java.vendor.url.bug" value="https://github.com/AdoptOpenJDK/openjdk-support/issues"/>
    <property name="java.io.tmpdir" value="/var/folders/mz/039w2fyn57vbr7xkc69swm4m0000gn/T/"/>
    <property name="java.version" value="11.0.8"/>
    <property name="user.dir" value="/Users/princegandhi/20f-cst8277-eclipse/20f-workspace/20F_040946969_Dikshit"/>
    <property name="os.arch" value="x86_64"/>
    <property name="java.vm.specification.name" value="Java Virtual Machine Specification"/>
    <property name="java.awt.printerjob" value="sun.lwawt.macosx.CPrinterJob"/>
    <property name="sun.os.patch.level" value="unknown"/>
    <property name="java.library.path" value="/Users/princegandhi/Library/Java/Extensions:/Library/Java/Extensions:/Network/Library/Java/Extensions:/System/Library/Java/Extensions:/usr/lib/java:."/>
    <property name="java.vm.info" value="mixed mode"/>
    <property name="java.vendor" value="AdoptOpenJDK"/>
    <property name="java.vm.version" value="11.0.8+10"/>
    <property name="sun.io.unicode.encoding" value="UnicodeBig"/>
    <property name="java.class.version" value="55.0"/>
    <property name="socksNonProxyHosts" value="local|*.local|169.254/16|*.169.254/16"/>
  </properties>
  <testcase name="test01_all_customers_with_adminrole" classname="com.algonquincollege.cst8277.OrderSystemTestSuite" time="2.384"/>
  <testcase name="test02_all_products_with_adminrole" classname="com.algonquincollege.cst8277.OrderSystemTestSuite" time="0.618"/>
  <testcase name="test03_all_stores_with_adminrole" classname="com.algonquincollege.cst8277.OrderSystemTestSuite" time="0.098"/>
  <testcase name="test04_all_orders_with_adminrole" classname="com.algonquincollege.cst8277.OrderSystemTestSuite" time="0.091"/>
  <testcase name="test05_all_customers_with_userrole" classname="com.algonquincollege.cst8277.OrderSystemTestSuite" time="0.058"/>
  <testcase name="test06_all_products_with_userrole" classname="com.algonquincollege.cst8277.OrderSystemTestSuite" time="0.126"/>
  <testcase name="test07_all_stores_with_userrole" classname="com.algonquincollege.cst8277.OrderSystemTestSuite" time="0.076"/>
  <testcase name="test08_all_orders_with_userrole" classname="com.algonquincollege.cst8277.OrderSystemTestSuite" time="0.077"/>
  <testcase name="test09_all_customers_with_norole" classname="com.algonquincollege.cst8277.OrderSystemTestSuite" time="0.055"/>
  <testcase name="test10_all_products_with_norole" classname="com.algonquincollege.cst8277.OrderSystemTestSuite" time="0.213"/>
  <testcase name="test11_all_stores_with_norole" classname="com.algonquincollege.cst8277.OrderSystemTestSuite" time="0.06"/>
  <testcase name="test12_all_orders_with_norole" classname="com.algonquincollege.cst8277.OrderSystemTestSuite" time="0.055"/>
  <testcase name="test13_deleteStoreById_userRole" classname="com.algonquincollege.cst8277.OrderSystemTestSuite" time="0.175"/>
  <testcase name="test14_deleteStoreById_adminRole" classname="com.algonquincollege.cst8277.OrderSystemTestSuite" time="0.141"/>
  <testcase name="test15_deleteStoreById_noRole" classname="com.algonquincollege.cst8277.OrderSystemTestSuite" time="0.065"/>
  <testcase name="test16_add_customer_by_admin_role" classname="com.algonquincollege.cst8277.OrderSystemTestSuite" time="0.089"/>
  <testcase name="test16_add_customerr_by_no_role" classname="com.algonquincollege.cst8277.OrderSystemTestSuite" time="0.048"/>
  <testcase name="test16_add_customerr_by_user_role" classname="com.algonquincollege.cst8277.OrderSystemTestSuite" time="0.065"/>
  <testcase name="test20_getCustomerById" classname="com.algonquincollege.cst8277.OrderSystemTestSuite" time="0.274"/>
  <testcase name="test22_delete_customer_userRole" classname="com.algonquincollege.cst8277.OrderSystemTestSuite" time="0.097"/>
  <testcase name="test23_delete_customer_adminRole" classname="com.algonquincollege.cst8277.OrderSystemTestSuite" time="0.097"/>
  <testcase name="test24_delete_customer_noRole" classname="com.algonquincollege.cst8277.OrderSystemTestSuite" time="0.074"/>
  <testcase name="test25_add_product_by_admin_role" classname="com.algonquincollege.cst8277.OrderSystemTestSuite" time="0.086"/>
  <testcase name="test25_add_product_by_no_role" classname="com.algonquincollege.cst8277.OrderSystemTestSuite" time="0.081"/>
  <testcase name="test25_add_product_by_user_role" classname="com.algonquincollege.cst8277.OrderSystemTestSuite" time="0.047"/>
  <testcase name="test26_update_product" classname="com.algonquincollege.cst8277.OrderSystemTestSuite" time="0.108"/>
  <testcase name="test27_get_product_by_id" classname="com.algonquincollege.cst8277.OrderSystemTestSuite" time="0.13"/>
  <testcase name="test28_delete_product_by_adminRole" classname="com.algonquincollege.cst8277.OrderSystemTestSuite" time="0.087"/>
  <testcase name="test28_delete_product_by_noRole" classname="com.algonquincollege.cst8277.OrderSystemTestSuite" time="0.049"/>
  <testcase name="test28_delete_product_by_userRole" classname="com.algonquincollege.cst8277.OrderSystemTestSuite" time="0.086"/>
  <testcase name="test29_add_store_by_adminRole" classname="com.algonquincollege.cst8277.OrderSystemTestSuite" time="0.122"/>
  <testcase name="test29_add_store_by_noRole" classname="com.algonquincollege.cst8277.OrderSystemTestSuite" time="0.074"/>
  <testcase name="test29_add_store_by_useRole" classname="com.algonquincollege.cst8277.OrderSystemTestSuite" time="0.039"/>
  <testcase name="test30_update_store_adminRole" classname="com.algonquincollege.cst8277.OrderSystemTestSuite" time="0.114"/>
  <testcase name="test30_update_store_by_noRole" classname="com.algonquincollege.cst8277.OrderSystemTestSuite" time="0.081"/>
  <testcase name="test30_update_store_by_userRole" classname="com.algonquincollege.cst8277.OrderSystemTestSuite" time="0.079"/>
  <testcase name="test35_null_add_customer" classname="com.algonquincollege.cst8277.OrderSystemTestSuite" time="0.035"/>
  <testcase name="test36_null_add_product" classname="com.algonquincollege.cst8277.OrderSystemTestSuite" time="0.035"/>
  <testcase name="test37_null_add_store" classname="com.algonquincollege.cst8277.OrderSystemTestSuite" time="0.032"/>
  <testcase name="test38_null_add_order" classname="com.algonquincollege.cst8277.OrderSystemTestSuite" time="0.026"/>
</testsuite>